0 info it worked if it ends with ok
1 verbose cli [ '/usr/local/Cellar/node/0.10.1/bin/node',
1 verbose cli   '/usr/local/bin/npm',
1 verbose cli   'publish' ]
2 info using npm@1.2.15
3 info using node@v0.10.1
4 verbose publish [ '.' ]
5 verbose read json /Users/chrisanderson/Node/hue-module/package.json
6 verbose cache add [ '.', null ]
7 verbose cache add name=undefined spec="." args=[".",null]
8 verbose parsed url { protocol: null,
8 verbose parsed url   slashes: null,
8 verbose parsed url   auth: null,
8 verbose parsed url   host: null,
8 verbose parsed url   port: null,
8 verbose parsed url   hostname: null,
8 verbose parsed url   hash: null,
8 verbose parsed url   search: null,
8 verbose parsed url   query: null,
8 verbose parsed url   pathname: '.',
8 verbose parsed url   path: '.',
8 verbose parsed url   href: '.' }
9 silly lockFile 3a52ce78- .
10 verbose lock . /Users/chrisanderson/.npm/3a52ce78-.lock
11 verbose read json package.json
12 verbose tar pack [ '/var/folders/8l/sfgw4z0s1k30zlfrwh76nfhw0000gn/T/npm-41883/1367530610841-0.3831594653893262/tmp.tgz',
12 verbose tar pack   '.' ]
13 verbose tarball /var/folders/8l/sfgw4z0s1k30zlfrwh76nfhw0000gn/T/npm-41883/1367530610841-0.3831594653893262/tmp.tgz
14 verbose folder .
15 info prepublish hue-module@0.0.6
16 silly lockFile 3a52ce78- .
17 verbose lock . /Users/chrisanderson/.npm/3a52ce78-.lock
18 silly lockFile 366af4cb-10841-0-3831594653893262-tmp-tgz /var/folders/8l/sfgw4z0s1k30zlfrwh76nfhw0000gn/T/npm-41883/1367530610841-0.3831594653893262/tmp.tgz
19 verbose lock /var/folders/8l/sfgw4z0s1k30zlfrwh76nfhw0000gn/T/npm-41883/1367530610841-0.3831594653893262/tmp.tgz /Users/chrisanderson/.npm/366af4cb-10841-0-3831594653893262-tmp-tgz.lock
20 silly lockFile 3a52ce78- .
21 silly lockFile 3a52ce78- .
22 silly lockFile 366af4cb-10841-0-3831594653893262-tmp-tgz /var/folders/8l/sfgw4z0s1k30zlfrwh76nfhw0000gn/T/npm-41883/1367530610841-0.3831594653893262/tmp.tgz
23 silly lockFile 366af4cb-10841-0-3831594653893262-tmp-tgz /var/folders/8l/sfgw4z0s1k30zlfrwh76nfhw0000gn/T/npm-41883/1367530610841-0.3831594653893262/tmp.tgz
24 verbose tar unpack /var/folders/8l/sfgw4z0s1k30zlfrwh76nfhw0000gn/T/npm-41883/1367530610841-0.3831594653893262/tmp.tgz
25 silly lockFile ddc9da50-10841-0-3831594653893262-package /var/folders/8l/sfgw4z0s1k30zlfrwh76nfhw0000gn/T/npm-41883/1367530610841-0.3831594653893262/package
26 verbose lock /var/folders/8l/sfgw4z0s1k30zlfrwh76nfhw0000gn/T/npm-41883/1367530610841-0.3831594653893262/package /Users/chrisanderson/.npm/ddc9da50-10841-0-3831594653893262-package.lock
27 silly lockFile 366af4cb-10841-0-3831594653893262-tmp-tgz /var/folders/8l/sfgw4z0s1k30zlfrwh76nfhw0000gn/T/npm-41883/1367530610841-0.3831594653893262/tmp.tgz
28 verbose lock /var/folders/8l/sfgw4z0s1k30zlfrwh76nfhw0000gn/T/npm-41883/1367530610841-0.3831594653893262/tmp.tgz /Users/chrisanderson/.npm/366af4cb-10841-0-3831594653893262-tmp-tgz.lock
29 silly gunzTarPerm modes [ '755', '644' ]
30 silly gunzTarPerm extractEntry package.json
31 silly gunzTarPerm extractEntry .npmignore
32 silly gunzTarPerm extractEntry README.md
33 silly gunzTarPerm extractEntry lib/colors.js
34 silly gunzTarPerm extractEntry lib/group.js
35 silly gunzTarPerm extractEntry lib/http.js
36 silly gunzTarPerm extractEntry lib/hue.js
37 silly gunzTarPerm extractEntry lib/light.js
38 silly gunzTarPerm extractEntry lib/paths.js
39 verbose read json /var/folders/8l/sfgw4z0s1k30zlfrwh76nfhw0000gn/T/npm-41883/1367530610841-0.3831594653893262/package/package.json
40 silly lockFile ddc9da50-10841-0-3831594653893262-package /var/folders/8l/sfgw4z0s1k30zlfrwh76nfhw0000gn/T/npm-41883/1367530610841-0.3831594653893262/package
41 silly lockFile ddc9da50-10841-0-3831594653893262-package /var/folders/8l/sfgw4z0s1k30zlfrwh76nfhw0000gn/T/npm-41883/1367530610841-0.3831594653893262/package
42 silly lockFile 366af4cb-10841-0-3831594653893262-tmp-tgz /var/folders/8l/sfgw4z0s1k30zlfrwh76nfhw0000gn/T/npm-41883/1367530610841-0.3831594653893262/tmp.tgz
43 silly lockFile 366af4cb-10841-0-3831594653893262-tmp-tgz /var/folders/8l/sfgw4z0s1k30zlfrwh76nfhw0000gn/T/npm-41883/1367530610841-0.3831594653893262/tmp.tgz
44 verbose from cache /var/folders/8l/sfgw4z0s1k30zlfrwh76nfhw0000gn/T/npm-41883/1367530610841-0.3831594653893262/package/package.json
45 verbose tar pack [ '/Users/chrisanderson/.npm/hue-module/0.0.6/package.tgz',
45 verbose tar pack   '/var/folders/8l/sfgw4z0s1k30zlfrwh76nfhw0000gn/T/npm-41883/1367530610841-0.3831594653893262/package' ]
46 verbose tarball /Users/chrisanderson/.npm/hue-module/0.0.6/package.tgz
47 verbose folder /var/folders/8l/sfgw4z0s1k30zlfrwh76nfhw0000gn/T/npm-41883/1367530610841-0.3831594653893262/package
48 silly lockFile ddc9da50-10841-0-3831594653893262-package /var/folders/8l/sfgw4z0s1k30zlfrwh76nfhw0000gn/T/npm-41883/1367530610841-0.3831594653893262/package
49 verbose lock /var/folders/8l/sfgw4z0s1k30zlfrwh76nfhw0000gn/T/npm-41883/1367530610841-0.3831594653893262/package /Users/chrisanderson/.npm/ddc9da50-10841-0-3831594653893262-package.lock
50 silly lockFile 9986da74-npm-hue-module-0-0-6-package-tgz /Users/chrisanderson/.npm/hue-module/0.0.6/package.tgz
51 verbose lock /Users/chrisanderson/.npm/hue-module/0.0.6/package.tgz /Users/chrisanderson/.npm/9986da74-npm-hue-module-0-0-6-package-tgz.lock
52 silly lockFile ddc9da50-10841-0-3831594653893262-package /var/folders/8l/sfgw4z0s1k30zlfrwh76nfhw0000gn/T/npm-41883/1367530610841-0.3831594653893262/package
53 silly lockFile ddc9da50-10841-0-3831594653893262-package /var/folders/8l/sfgw4z0s1k30zlfrwh76nfhw0000gn/T/npm-41883/1367530610841-0.3831594653893262/package
54 silly lockFile 9986da74-npm-hue-module-0-0-6-package-tgz /Users/chrisanderson/.npm/hue-module/0.0.6/package.tgz
55 silly lockFile 9986da74-npm-hue-module-0-0-6-package-tgz /Users/chrisanderson/.npm/hue-module/0.0.6/package.tgz
56 silly lockFile 10656acd-son-npm-hue-module-0-0-6-package /Users/chrisanderson/.npm/hue-module/0.0.6/package
57 verbose lock /Users/chrisanderson/.npm/hue-module/0.0.6/package /Users/chrisanderson/.npm/10656acd-son-npm-hue-module-0-0-6-package.lock
58 silly lockFile 10656acd-son-npm-hue-module-0-0-6-package /Users/chrisanderson/.npm/hue-module/0.0.6/package
59 silly lockFile 10656acd-son-npm-hue-module-0-0-6-package /Users/chrisanderson/.npm/hue-module/0.0.6/package
60 verbose tar unpack /Users/chrisanderson/.npm/hue-module/0.0.6/package.tgz
61 silly lockFile 10656acd-son-npm-hue-module-0-0-6-package /Users/chrisanderson/.npm/hue-module/0.0.6/package
62 verbose lock /Users/chrisanderson/.npm/hue-module/0.0.6/package /Users/chrisanderson/.npm/10656acd-son-npm-hue-module-0-0-6-package.lock
63 silly lockFile 9986da74-npm-hue-module-0-0-6-package-tgz /Users/chrisanderson/.npm/hue-module/0.0.6/package.tgz
64 verbose lock /Users/chrisanderson/.npm/hue-module/0.0.6/package.tgz /Users/chrisanderson/.npm/9986da74-npm-hue-module-0-0-6-package-tgz.lock
65 silly gunzTarPerm modes [ '755', '644' ]
66 silly gunzTarPerm extractEntry package.json
67 silly gunzTarPerm extractEntry .npmignore
68 silly gunzTarPerm extractEntry README.md
69 silly gunzTarPerm extractEntry lib/colors.js
70 silly gunzTarPerm extractEntry lib/group.js
71 silly gunzTarPerm extractEntry lib/http.js
72 silly gunzTarPerm extractEntry lib/hue.js
73 silly gunzTarPerm extractEntry lib/light.js
74 silly gunzTarPerm extractEntry lib/paths.js
75 verbose read json /Users/chrisanderson/.npm/hue-module/0.0.6/package/package.json
76 silly lockFile 10656acd-son-npm-hue-module-0-0-6-package /Users/chrisanderson/.npm/hue-module/0.0.6/package
77 silly lockFile 10656acd-son-npm-hue-module-0-0-6-package /Users/chrisanderson/.npm/hue-module/0.0.6/package
78 silly lockFile 9986da74-npm-hue-module-0-0-6-package-tgz /Users/chrisanderson/.npm/hue-module/0.0.6/package.tgz
79 silly lockFile 9986da74-npm-hue-module-0-0-6-package-tgz /Users/chrisanderson/.npm/hue-module/0.0.6/package.tgz
80 silly shasum updated bytes 4697
81 info shasum fb144ae2542f6f43c637e996bab79d175995f35d
81 info shasum /Users/chrisanderson/.npm/hue-module/0.0.6/package.tgz
82 verbose from cache /Users/chrisanderson/.npm/hue-module/0.0.6/package/package.json
83 verbose chmod /Users/chrisanderson/.npm/hue-module/0.0.6/package.tgz 644
84 verbose chown /Users/chrisanderson/.npm/hue-module/0.0.6/package.tgz [ 501, 20 ]
85 silly lockFile 3a52ce78- .
86 silly publish { name: 'hue-module',
86 silly publish   version: '0.0.6',
86 silly publish   description: 'A client library for interacting with the Philips Hue lighting products',
86 silly publish   main: 'lib/hue.js',
86 silly publish   dependencies: { MD5: '1.0.3' },
86 silly publish   devDependencies: {},
86 silly publish   scripts: { test: 'echo "Error: no test specified" && exit 1' },
86 silly publish   repository:
86 silly publish    { type: 'git',
86 silly publish      url: 'https://github.com/whyohwhyamihere/hue-module.git' },
86 silly publish   keywords: [ 'Hue', 'Philips', 'Lighting' ],
86 silly publish   readmeFilename: 'README.md',
86 silly publish   author: { name: 'Chris Anderson' },
86 silly publish   license: 'Beerware',
86 silly publish   readme: '# Node Hue Module\n\nThis is a node.js client library for the [Philips Hue](http://www.meethue.com).\n\n\n## Installation\n\n\tnpm install hue-module\n\n## Usage\n\nIn order to use the hue.js library, you will need to know the IP address of the\nhue base station.  You can find this through the\n[meethue dashboard](http://www.meethue.com/) or using arp.  To use arp, note the\nMAC address of the device (written on the bottom of the base station) and then\nissue the `arp -a` command from your terminal.\n\n    var hue = require(\'hue\');\n    \n    hue.load("IP Address", "Username/Key");\n\n    hue.lights(function(lights){\n\t\tfor(i in lights)\n\t\t\tif(lights.hasOwnProperty(i))\n\t\t\t\thue.change(lights[i].set({"on": true, "rgb":[0,255,255]}));\n\t});\n\nAt the moment there is no way to discover a base station or register with it. This is coming soon.\n\n## API\n\nBelow you will find an outline of the available methods, their purpose, and the\ncorresponding usage example.\n\n### Get a list of lights\n\n    hue.lights(callback)\n    \nIn the callback a list of lights are returned. Each light can be set however one chooses.\n  \n### Get a particular light\n\n\thue.light(lightID, callback)\n\t\n### Set settings of a particular light\n\n\tlight.set(attributes)\n\t\nUsage example:\n\n\thue.light(1, function(light){\n\t\tlight.set({"on":false});\n\t});\n\n### Render changes to bulb\n\n\thue.change(light)\n\t\nUsage example:\n\n\thue.light(1, function(light){\n\t\thue.change(light.set({"on":false}));\n\t});\n',
86 silly publish   _id: 'hue-module@0.0.6',
86 silly publish   dist: { shasum: 'fb144ae2542f6f43c637e996bab79d175995f35d' },
86 silly publish   _from: '.' }
87 verbose url raw hue-module
88 verbose url resolving [ 'https://registry.npmjs.org/', './hue-module' ]
89 verbose url resolved https://registry.npmjs.org/hue-module
90 info trying registry request attempt 1 at 16:37:01
91 http PUT https://registry.npmjs.org/hue-module
92 http 409 https://registry.npmjs.org/hue-module
93 verbose url raw hue-module
94 verbose url resolving [ 'https://registry.npmjs.org/', './hue-module' ]
95 verbose url resolved https://registry.npmjs.org/hue-module
96 info trying registry request attempt 1 at 16:37:04
97 http GET https://registry.npmjs.org/hue-module
98 http 401 https://registry.npmjs.org/hue-module
99 info trying registry request attempt 1 at 16:37:06
100 http GET https://registry.npmjs.org/hue-module
101 http 401 https://registry.npmjs.org/hue-module
102 error Error: unauthorized Name or password is incorrect.: hue-module
102 error     at RegClient.<anonymous> (/usr/local/Cellar/node/0.10.1/lib/node_modules/npm/node_modules/npm-registry-client/lib/request.js:268:14)
102 error     at Request.self.callback (/usr/local/Cellar/node/0.10.1/lib/node_modules/npm/node_modules/request/main.js:120:22)
102 error     at Request.EventEmitter.emit (events.js:98:17)
102 error     at Request.<anonymous> (/usr/local/Cellar/node/0.10.1/lib/node_modules/npm/node_modules/request/main.js:649:16)
102 error     at Request.EventEmitter.emit (events.js:117:20)
102 error     at IncomingMessage.<anonymous> (/usr/local/Cellar/node/0.10.1/lib/node_modules/npm/node_modules/request/main.js:611:14)
102 error     at IncomingMessage.EventEmitter.emit (events.js:117:20)
102 error     at _stream_readable.js:872:14
102 error     at process._tickCallback (node.js:415:13)
103 error If you need help, you may report this log at:
103 error     <http://github.com/isaacs/npm/issues>
103 error or email it to:
103 error     <npm-@googlegroups.com>
104 error System Darwin 12.3.0
105 error command "/usr/local/Cellar/node/0.10.1/bin/node" "/usr/local/bin/npm" "publish"
106 error cwd /Users/chrisanderson/Node/hue-module
107 error node -v v0.10.1
108 error npm -v 1.2.15
109 verbose exit [ 1, true ]
